<?xml version="1.0" encoding="UTF-8"?>
<!-- Generated by org.testng.reporters.JUnitReportReporter -->
<testsuite hostname="3PAUS44" failures="0" tests="1" name="com.automationpractice.tests.HomePageTest" time="0.027" errors="0" timestamp="07 Apr 2021 13:21:45 GMT" skipped="0">
  <testcase classname="com.automationpractice.tests.HomePageTest" name="validateHomePage" time="0.027"/>
</testsuite> <!-- com.automationpractice.tests.HomePageTest -->
