<?xml version="1.0" encoding="UTF-8"?>
<!-- Generated by org.testng.reporters.JUnitReportReporter -->
<testsuite hostname="3PAUS44" failures="0" tests="1" name="com.automationpractice.tests.CreateAccountTest" time="40.899" errors="0" timestamp="07 Apr 2021 15:01:16 GMT" skipped="0">
  <testcase classname="com.automationpractice.tests.CreateAccountTest" name="verifyAccountCreation" time="40.899"/>
</testsuite> <!-- com.automationpractice.tests.CreateAccountTest -->
