<?xml version="1.0" encoding="UTF-8"?>
<!-- Generated by org.testng.reporters.JUnitReportReporter -->
<testsuite hostname="3PAUS44" failures="0" tests="2" name="com.personal.tests.WebDriverManagerTest" time="4.713" errors="0" timestamp="2021-04-04T23:09:57 AEST" skipped="0">
  <testcase classname="com.personal.tests.WebDriverManagerTest" name="testMethod1" time="1.630"/>
  <system-out/>
  <testcase classname="com.personal.tests.WebDriverManagerTest" name="testMethod1" time="3.083"/>
  <system-out/>
</testsuite> <!-- com.personal.tests.WebDriverManagerTest -->
