<?xml version="1.0" encoding="UTF-8"?>
<!-- Generated by org.testng.reporters.JUnitReportReporter -->
<testsuite hostname="3PAUS44" failures="0" tests="1" name="WebDriverManagerTest" time="0.009" errors="0" timestamp="2021-04-04T16:39:07 AEST" skipped="0">
  <testcase classname="WebDriverManagerTest" name="f" time="0.009"/>
  <system-out/>
</testsuite> <!-- WebDriverManagerTest -->
